<?xml version="1.0" encoding="UTF-8"?>
<!-- Generated by org.testng.reporters.JUnitReportReporter -->
<testsuite skipped="5" hostname="Mds-MacBook-Air.local" name="pages.HomePageTest" tests="6" failures="0" timestamp="27 Sep 2022 04:41:44 GMT" time="36.042" errors="0">
  <testcase name="setUpOnlineAccessClickedTest" time="36.042" classname="pages.HomePageTest"/>
  <testcase name="logoTest" classname="pages.HomePageTest">
    <skipped/>
  </testcase> <!-- logoTest -->
  <testcase name="checkingAndSavingsButtonClickedTest" classname="pages.HomePageTest">
    <skipped/>
  </testcase> <!-- checkingAndSavingsButtonClickedTest -->
  <testcase name="searchButtonClickedTest" classname="pages.HomePageTest">
    <skipped/>
  </testcase> <!-- searchButtonClickedTest -->
  <testcase name="forGotUserNameClickedTest" classname="pages.HomePageTest">
    <skipped/>
  </testcase> <!-- forGotUserNameClickedTest -->
  <testcase name="signInButtonClickedTest" classname="pages.HomePageTest">
    <skipped/>
  </testcase> <!-- signInButtonClickedTest -->
</testsuite> <!-- pages.HomePageTest -->
