<?xml version="1.0" encoding="UTF-8"?>
<!-- Generated by org.testng.reporters.JUnitReportReporter -->
<testsuite skipped="0" hostname="Mds-MacBook-Air.local" name="pages.HomePageTest" tests="1" failures="0" timestamp="20 Sep 2022 01:46:48 GMT" time="27.124" errors="0">
  <testcase name="userNameTest" time="27.124" classname="pages.HomePageTest"/>
</testsuite> <!-- pages.HomePageTest -->
